# JRE version: Java(TM) SE Runtime Environment (8.0_161-b12) (build 1.8.0_161-b12)
# Java VM: Java HotSpot(TM) 64-Bit Server VM (25.161-b12 mixed mode windows-amd64 compressed oops)
Heap:
 PSYoungGen      total 1311232K, used 11032K [0x000000076b200000, 0x00000007c0000000, 0x00000007c0000000)
  eden space 1231872K, 0% used [0x000000076b200000,0x000000076bcc6338,0x00000007b6500000)
  from space 79360K, 0% used [0x00000007b6500000,0x00000007b6500000,0x00000007bb280000)
  to   space 79360K, 0% used [0x00000007bb280000,0x00000007bb280000,0x00000007c0000000)
 ParOldGen       total 361984K, used 307776K [0x00000006c1600000, 0x00000006d7780000, 0x000000076b200000)
  object space 361984K, 85% used [0x00000006c1600000,0x00000006d4290280,0x00000006d7780000)
 Metaspace       used 29059K, capacity 29410K, committed 29696K, reserved 1075200K
  class space    used 3732K, capacity 3807K, committed 3840K, reserved 1048576K
GC Heap History (10 events):
Event: 93.311 GC heap before
{Heap before GC invocations=80 (full 2):
 PSYoungGen      total 1308160K, used 1277911K [0x000000076b200000, 0x00000007bfc80000, 0x00000007c0000000)
  eden space 1229824K, 100% used [0x000000076b200000,0x00000007b6300000,0x00000007b6300000)
  from space 78336K, 61% used [0x00000007b6300000,0x00000007b91f5c00,0x00000007baf80000)
  to   space 76800K, 0% used [0x00000007bb180000,0x00000007bb180000,0x00000007bfc80000)
 ParOldGen       total 361984K, used 279324K [0x00000006c1600000, 0x00000006d7780000, 0x000000076b200000)
  object space 361984K, 77% used [0x00000006c1600000,0x00000006d26c7108,0x00000006d7780000)
 Metaspace       used 28933K, capacity 29282K, committed 29696K, reserved 1075200K
  class space    used 3728K, capacity 3807K, committed 3840K, reserved 1048576K
Event: 93.326 GC heap after
Heap after GC invocations=80 (full 2):
 PSYoungGen      total 1308160K, used 10518K [0x000000076b200000, 0x00000007c0000000, 0x00000007c0000000)
  eden space 1231360K, 0% used [0x000000076b200000,0x000000076b200000,0x00000007b6480000)
  from space 76800K, 13% used [0x00000007bb180000,0x00000007bbbc5ac0,0x00000007bfc80000)
  to   space 78848K, 0% used [0x00000007b6480000,0x00000007b6480000,0x00000007bb180000)
 ParOldGen       total 361984K, used 313999K [0x00000006c1600000, 0x00000006d7780000, 0x000000076b200000)
  object space 361984K, 86% used [0x00000006c1600000,0x00000006d48a3e80,0x00000006d7780000)
 Metaspace       used 28933K, capacity 29282K, committed 29696K, reserved 1075200K
  class space    used 3728K, capacity 3807K, committed 3840K, reserved 1048576K
}
Event: 95.440 GC heap before
{Heap before GC invocations=81 (full 2):
 PSYoungGen      total 1308160K, used 1241878K [0x000000076b200000, 0x00000007c0000000, 0x00000007c0000000)
  eden space 1231360K, 100% used [0x000000076b200000,0x00000007b6480000,0x00000007b6480000)
  from space 76800K, 13% used [0x00000007bb180000,0x00000007bbbc5ac0,0x00000007bfc80000)
  to   space 78848K, 0% used [0x00000007b6480000,0x00000007b6480000,0x00000007bb180000)
 ParOldGen       total 361984K, used 313999K [0x00000006c1600000, 0x00000006d7780000, 0x000000076b200000)
  object space 361984K, 86% used [0x00000006c1600000,0x00000006d48a3e80,0x00000006d7780000)
 Metaspace       used 28988K, capacity 29346K, committed 29696K, reserved 1075200K
  class space    used 3728K, capacity 3807K, committed 3840K, reserved 1048576K
Event: 95.446 GC heap after
Heap after GC invocations=81 (full 2):
 PSYoungGen      total 1310208K, used 21471K [0x000000076b200000, 0x00000007c0000000, 0x00000007c0000000)
  eden space 1231360K, 0% used [0x000000076b200000,0x000000076b200000,0x00000007b6480000)
  from space 78848K, 27% used [0x00000007b6480000,0x00000007b7977c58,0x00000007bb180000)
  to   space 77824K, 0% used [0x00000007bb400000,0x00000007bb400000,0x00000007c0000000)
 ParOldGen       total 361984K, used 316239K [0x00000006c1600000, 0x00000006d7780000, 0x000000076b200000)
  object space 361984K, 87% used [0x00000006c1600000,0x00000006d4ad3d48,0x00000006d7780000)
 Metaspace       used 28988K, capacity 29346K, committed 29696K, reserved 1075200K
  class space    used 3728K, capacity 3807K, committed 3840K, reserved 1048576K
}
Event: 97.657 GC heap before
{Heap before GC invocations=82 (full 2):
 PSYoungGen      total 1310208K, used 1252831K [0x000000076b200000, 0x00000007c0000000, 0x00000007c0000000)
  eden space 1231360K, 100% used [0x000000076b200000,0x00000007b6480000,0x00000007b6480000)
  from space 78848K, 27% used [0x00000007b6480000,0x00000007b7977c58,0x00000007bb180000)
  to   space 77824K, 0% used [0x00000007bb400000,0x00000007bb400000,0x00000007c0000000)
 ParOldGen       total 361984K, used 316239K [0x00000006c1600000, 0x00000006d7780000, 0x000000076b200000)
  object space 361984K, 87% used [0x00000006c1600000,0x00000006d4ad3d48,0x00000006d7780000)
 Metaspace       used 28995K, capacity 29346K, committed 29696K, reserved 1075200K
  class space    used 3728K, capacity 3807K, committed 3840K, reserved 1048576K
Event: 97.661 GC heap after
Heap after GC invocations=82 (full 2):
 PSYoungGen      total 1309696K, used 7952K [0x000000076b200000, 0x00000007c0000000, 0x00000007c0000000)
  eden space 1231872K, 0% used [0x000000076b200000,0x000000076b200000,0x00000007b6500000)
  from space 77824K, 10% used [0x00000007bb400000,0x00000007bbbc4220,0x00000007c0000000)
  to   space 79360K, 0% used [0x00000007b6500000,0x00000007b6500000,0x00000007bb280000)
 ParOldGen       total 361984K, used 317917K [0x00000006c1600000, 0x00000006d7780000, 0x000000076b200000)
  object space 361984K, 87% used [0x00000006c1600000,0x00000006d4c77770,0x00000006d7780000)
 Metaspace       used 28995K, capacity 29346K, committed 29696K, reserved 1075200K
  class space    used 3728K, capacity 3807K, committed 3840K, reserved 1048576K
}
Event: 99.266 GC heap before
{Heap before GC invocations=83 (full 2):
 PSYoungGen      total 1309696K, used 570936K [0x000000076b200000, 0x00000007c0000000, 0x00000007c0000000)
  eden space 1231872K, 45% used [0x000000076b200000,0x000000078d7c9fb0,0x00000007b6500000)
  from space 77824K, 10% used [0x00000007bb400000,0x00000007bbbc4220,0x00000007c0000000)
  to   space 79360K, 0% used [0x00000007b6500000,0x00000007b6500000,0x00000007bb280000)
 ParOldGen       total 361984K, used 317917K [0x00000006c1600000, 0x00000006d7780000, 0x000000076b200000)
  object space 361984K, 87% used [0x00000006c1600000,0x00000006d4c77770,0x00000006d7780000)
 Metaspace       used 29051K, capacity 29410K, committed 29696K, reserved 1075200K
  class space    used 3730K, capacity 3807K, committed 3840K, reserved 1048576K
Event: 99.269 GC heap after
Heap after GC invocations=83 (full 2):
 PSYoungGen      total 1311232K, used 6416K [0x000000076b200000, 0x00000007c0000000, 0x00000007c0000000)
  eden space 1231872K, 0% used [0x000000076b200000,0x000000076b200000,0x00000007b6500000)
  from space 79360K, 8% used [0x00000007b6500000,0x00000007b6b44010,0x00000007bb280000)
  to   space 79360K, 0% used [0x00000007bb280000,0x00000007bb280000,0x00000007c0000000)
 ParOldGen       total 361984K, used 320575K [0x00000006c1600000, 0x00000006d7780000, 0x000000076b200000)
  object space 361984K, 88% used [0x00000006c1600000,0x00000006d4f0fda0,0x00000006d7780000)
 Metaspace       used 29051K, capacity 29410K, committed 29696K, reserved 1075200K
  class space    used 3730K, capacity 3807K, committed 3840K, reserved 1048576K
}
Event: 99.270 GC heap before
{Heap before GC invocations=84 (full 3):
 PSYoungGen      total 1311232K, used 6416K [0x000000076b200000, 0x00000007c0000000, 0x00000007c0000000)
  eden space 1231872K, 0% used [0x000000076b200000,0x000000076b200000,0x00000007b6500000)
  from space 79360K, 8% used [0x00000007b6500000,0x00000007b6b44010,0x00000007bb280000)
  to   space 79360K, 0% used [0x00000007bb280000,0x00000007bb280000,0x00000007c0000000)
 ParOldGen       total 361984K, used 320575K [0x00000006c1600000, 0x00000006d7780000, 0x000000076b200000)
  object space 361984K, 88% used [0x00000006c1600000,0x00000006d4f0fda0,0x00000006d7780000)
 Metaspace       used 29051K, capacity 29410K, committed 29696K, reserved 1075200K
  class space    used 3730K, capacity 3807K, committed 3840K, reserved 1048576K
Event: 99.691 GC heap after
Heap after GC invocations=84 (full 3):
 PSYoungGen      total 1311232K, used 0K [0x000000076b200000, 0x00000007c0000000, 0x00000007c0000000)
  eden space 1231872K, 0% used [0x000000076b200000,0x000000076b200000,0x00000007b6500000)
  from space 79360K, 0% used [0x00000007b6500000,0x00000007b6500000,0x00000007bb280000)
  to   space 79360K, 0% used [0x00000007bb280000,0x00000007bb280000,0x00000007c0000000)
 ParOldGen       total 361984K, used 307776K [0x00000006c1600000, 0x00000006d7780000, 0x000000076b200000)
  object space 361984K, 85% used [0x00000006c1600000,0x00000006d4290280,0x00000006d7780000)
 Metaspace       used 29051K, capacity 29410K, committed 29696K, reserved 1075200K
  class space    used 3730K, capacity 3807K, committed 3840K, reserved 1048576K
}

